nohup: ignoring input
[38;5;2m[i 0817 00:07:16.637328 32 compiler.py:956] Jittor(1.3.8.5) src: /root/miniconda3/lib/python3.8/site-packages/jittor[m
[38;5;2m[i 0817 00:07:16.640026 32 compiler.py:957] g++ at /usr/bin/g++(7.5.0)[m
[38;5;2m[i 0817 00:07:16.640090 32 compiler.py:958] cache_path: /root/.cache/jittor/jt1.3.8/g++7.5.0/py3.8.19/Linux-5.4.0-12x7f/IntelRXeonRPlax40/default[m
[38;5;2m[i 0817 00:07:16.643455 32 __init__.py:411] Found nvcc(11.1.105) at /usr/local/cuda/bin/nvcc.[m
[38;5;2m[i 0817 00:07:16.648541 32 __init__.py:411] Found addr2line(2.30) at /usr/bin/addr2line.[m
[38;5;2m[i 0817 00:07:16.802736 32 compiler.py:1011] cuda key:cu11.1.105_sm_75[m
[38;5;2m[i 0817 00:07:17.230275 32 __init__.py:227] Total mem: 375.80GB, using 16 procs for compiling.[m
[38;5;2m[i 0817 00:07:17.331680 32 jit_compiler.cc:28] Load cc_path: /usr/bin/g++[m
[38;5;2m[i 0817 00:07:17.485533 32 init.cc:62] Found cuda archs: [75,][m
[38;5;2m[i 0817 00:07:20.025008 32 cuda_flags.cc:49] CUDA enabled.[m
**********************************************
get_Train_4_image
**********************************************
t1_get_trainset_query
get_trainset_clip_query
time cost : 3269.98264 sec
get_trainset_b6_query
time cost : 10042.88944 sec
**********************************************
t2_get_TrainSet_4_Pseudo_Labels
get thudog
get animal
get caltech and food
time cost : 456.91812 sec
**********************************************
t3_train_adapter_f_caltech
[38;5;2m[i 0817 10:32:35.394495 36 dataset.py:664] Found 91 classes and 364 images.[m
[38;5;3m[w 0817 10:32:41.909074 36 nn.py:2280]  The `Parameter` interface isn't needed in Jittor, this interface
does nothings and it is just used for compatible.
    
A Jittor Var is a Parameter
when it is a member of Module, if you don't want a Jittor
Var menber is treated as a Parameter, just name it startswith
underscore `_`.
    [m
Train Epoch: 0 / 50

Compiling Operators(15/15) used: 4.31s eta:    0s 
Train Epoch: 1 / 50
Train Epoch: 2 / 50
Train Epoch: 3 / 50
Train Epoch: 4 / 50
Train Epoch: 5 / 50
Train Epoch: 6 / 50
Train Epoch: 7 / 50
Train Epoch: 8 / 50
Train Epoch: 9 / 50
Train Epoch: 10 / 50
Train Epoch: 11 / 50
Train Epoch: 12 / 50
Train Epoch: 13 / 50
Train Epoch: 14 / 50
Train Epoch: 15 / 50
Train Epoch: 16 / 50
Train Epoch: 17 / 50
Train Epoch: 18 / 50
Train Epoch: 19 / 50
Train Epoch: 20 / 50
Train Epoch: 21 / 50
Train Epoch: 22 / 50
Train Epoch: 23 / 50
Train Epoch: 24 / 50
Train Epoch: 25 / 50
Train Epoch: 26 / 50
Train Epoch: 27 / 50
Train Epoch: 28 / 50
Train Epoch: 29 / 50
Train Epoch: 30 / 50
Train Epoch: 31 / 50
Train Epoch: 32 / 50
Train Epoch: 33 / 50
Train Epoch: 34 / 50
Train Epoch: 35 / 50
Train Epoch: 36 / 50
Train Epoch: 37 / 50
Train Epoch: 38 / 50
Train Epoch: 39 / 50
Train Epoch: 40 / 50
Train Epoch: 41 / 50
Train Epoch: 42 / 50
Train Epoch: 43 / 50
Train Epoch: 44 / 50
Train Epoch: 45 / 50
Train Epoch: 46 / 50
Train Epoch: 47 / 50
Train Epoch: 48 / 50
Train Epoch: 49 / 50
time cost : 69.81527 sec
**********************************************
t4_train_caltech_res50
[38;5;2m[i 0817 10:33:45.629411 36 dataset.py:664] Found 91 classes and 364 images.[m
Train Epoch: 0 / 20
Train Epoch: 1 / 20
Train Epoch: 2 / 20
Train Epoch: 3 / 20
Train Epoch: 4 / 20
Train Epoch: 5 / 20
Train Epoch: 6 / 20
Train Epoch: 7 / 20
Train Epoch: 8 / 20
Train Epoch: 9 / 20
Train Epoch: 10 / 20
Train Epoch: 11 / 20
Train Epoch: 12 / 20
Train Epoch: 13 / 20
Train Epoch: 14 / 20
Train Epoch: 15 / 20
Train Epoch: 16 / 20
Train Epoch: 17 / 20
Train Epoch: 18 / 20
Train Epoch: 19 / 20
time cost : 90.48099 sec
**********************************************
t5_train_adapter_f_food
[38;5;2m[i 0817 10:35:15.663329 36 dataset.py:664] Found 101 classes and 404 images.[m
[38;5;3m[w 0817 10:35:22.175458 36 nn.py:2280]  The `Parameter` interface isn't needed in Jittor, this interface
does nothings and it is just used for compatible.
    
A Jittor Var is a Parameter
when it is a member of Module, if you don't want a Jittor
Var menber is treated as a Parameter, just name it startswith
underscore `_`.
    [m
Train Epoch: 0 / 50
Train Epoch: 1 / 50
Train Epoch: 2 / 50
Train Epoch: 3 / 50
Train Epoch: 4 / 50
Train Epoch: 5 / 50
Train Epoch: 6 / 50
Train Epoch: 7 / 50
Train Epoch: 8 / 50
Train Epoch: 9 / 50
Train Epoch: 10 / 50
Train Epoch: 11 / 50
Train Epoch: 12 / 50
Train Epoch: 13 / 50
Train Epoch: 14 / 50
Train Epoch: 15 / 50
Train Epoch: 16 / 50
Train Epoch: 17 / 50
Train Epoch: 18 / 50
Train Epoch: 19 / 50
Train Epoch: 20 / 50
Train Epoch: 21 / 50
Train Epoch: 22 / 50
Train Epoch: 23 / 50
Train Epoch: 24 / 50
Train Epoch: 25 / 50
Train Epoch: 26 / 50
Train Epoch: 27 / 50
Train Epoch: 28 / 50
Train Epoch: 29 / 50
Train Epoch: 30 / 50
Train Epoch: 31 / 50
Train Epoch: 32 / 50
Train Epoch: 33 / 50
Train Epoch: 34 / 50
Train Epoch: 35 / 50
Train Epoch: 36 / 50
Train Epoch: 37 / 50
Train Epoch: 38 / 50
Train Epoch: 39 / 50
Train Epoch: 40 / 50
Train Epoch: 41 / 50
Train Epoch: 42 / 50
Train Epoch: 43 / 50
Train Epoch: 44 / 50
Train Epoch: 45 / 50
Train Epoch: 46 / 50
Train Epoch: 47 / 50
Train Epoch: 48 / 50
Train Epoch: 49 / 50
time cost : 64.88339 sec
**********************************************
t6_get_TrainSet_Food_Pseudo_Labels
time cost : 47.37169 sec
**********************************************
t7_train_food_pesudo_label_clip
[38;5;2m[i 0817 11:20:47.214046 32 dataset.py:664] Found 101 classes and 65092 images.[m
Train Epoch: 0 / 50
Train Epoch: 1 / 50
Train Epoch: 2 / 50
Train Epoch: 3 / 50
Train Epoch: 4 / 50
Train Epoch: 5 / 50
Train Epoch: 6 / 50
Train Epoch: 7 / 50
Train Epoch: 8 / 50
Train Epoch: 9 / 50
Train Epoch: 10 / 50
Train Epoch: 11 / 50
Train Epoch: 12 / 50
Train Epoch: 13 / 50
Train Epoch: 14 / 50
Train Epoch: 15 / 50
Train Epoch: 16 / 50
Train Epoch: 17 / 50
Train Epoch: 18 / 50
Train Epoch: 19 / 50
Train Epoch: 20 / 50
Train Epoch: 21 / 50
Train Epoch: 22 / 50
Train Epoch: 23 / 50
Train Epoch: 24 / 50
Train Epoch: 25 / 50
Train Epoch: 26 / 50
Train Epoch: 27 / 50
Train Epoch: 28 / 50
Train Epoch: 29 / 50
Train Epoch: 30 / 50
Train Epoch: 31 / 50
Train Epoch: 32 / 50
Train Epoch: 33 / 50
Train Epoch: 34 / 50
Train Epoch: 35 / 50
Train Epoch: 36 / 50
Train Epoch: 37 / 50
Train Epoch: 38 / 50
Train Epoch: 39 / 50
Train Epoch: 40 / 50
Train Epoch: 41 / 50
Train Epoch: 42 / 50
Train Epoch: 43 / 50
Train Epoch: 44 / 50
Train Epoch: 45 / 50
Train Epoch: 46 / 50
Train Epoch: 47 / 50
Train Epoch: 48 / 50
Train Epoch: 49 / 50
time cost : 9597.75930 sec
